<?xml version="1.0" encoding="UTF-8"?>
<!-- Generated by org.testng.reporters.JUnitXMLReporter -->
<testsuite ignored="0" hostname="LIN-5CD52725TL" failures="1" tests="1" name="Chrome_Test_1" time="14.567" errors="0" timestamp="2026-08-27T12:29:29 IST">
  <testcase classname="testCases.TC_LoginandUserManagement" name="verifyLogin" time="6.933">
    <failure type="org.openqa.selenium.NoSuchSessionException" message="invalid session id: session deleted as the browser has closed the connection
from disconnected: unable to send message to renderer
  (Session info: chrome=151.0.7922.174)
Build info: version: &amp;apos;4.34.0&amp;apos;, revision: &amp;apos;707dcb4246*&amp;apos;
System info: os.name: &amp;apos;Windows 11&amp;apos;, os.arch: &amp;apos;amd64&amp;apos;, os.version: &amp;apos;10.0&amp;apos;, java.version: &amp;apos;17.0.20&amp;apos;
Driver info: org.openqa.selenium.chrome.ChromeDriver
Command: [3cc715c7456d2e7c09493de7b340fa01, findElement {value=(//a[@class=&amp;apos;ico-login&amp;apos;]), using=xpath}]
Capabilities {acceptInsecureCerts: false, browserName: chrome, browserVersion: 151.0.7922.174, chrome: {chromedriverVersion: 151.0.7922.138 (41fa8244239..., userDataDir: C:\Users\dbharatj\AppData\L...}, fedcm:accounts: true, goog:chromeOptions: {debuggerAddress: localhost:51963}, goog:processID: 29168, networkConnectionEnabled: false, pageLoadStrategy: normal, platformName: windows, proxy: Proxy(), se:cdp: ws://localhost:51963/devtoo..., se:cdpVersion: 151.0.7922.174, setWindowRect: true, strictFileInteractability: false, timeouts: {implicit: 0, pageLoad: 300000, script: 30000}, unhandledPromptBehavior: dismiss and notify, webauthn:extension:credBlob: true, webauthn:extension:largeBlob: true, webauthn:extension:minPinLength: true, webauthn:extension:prf: true, webauthn:virtualAuthenticators: true}
Session ID: 3cc715c7456d2e7c09493de7b340fa01">
      <![CDATA[org.openqa.selenium.NoSuchSessionException: invalid session id: session deleted as the browser has closed the connection
from disconnected: unable to send message to renderer
  (Session info: chrome=151.0.7922.174)
Build info: version: '4.34.0', revision: '707dcb4246*'
System info: os.name: 'Windows 11', os.arch: 'amd64', os.version: '10.0', java.version: '17.0.20'
Driver info: org.openqa.selenium.chrome.ChromeDriver
Command: [3cc715c7456d2e7c09493de7b340fa01, findElement {value=(//a[@class='ico-login']), using=xpath}]
Capabilities {acceptInsecureCerts: false, browserName: chrome, browserVersion: 151.0.7922.174, chrome: {chromedriverVersion: 151.0.7922.138 (41fa8244239..., userDataDir: C:\Users\dbharatj\AppData\L...}, fedcm:accounts: true, goog:chromeOptions: {debuggerAddress: localhost:51963}, goog:processID: 29168, networkConnectionEnabled: false, pageLoadStrategy: normal, platformName: windows, proxy: Proxy(), se:cdp: ws://localhost:51963/devtoo..., se:cdpVersion: 151.0.7922.174, setWindowRect: true, strictFileInteractability: false, timeouts: {implicit: 0, pageLoad: 300000, script: 30000}, unhandledPromptBehavior: dismiss and notify, webauthn:extension:credBlob: true, webauthn:extension:largeBlob: true, webauthn:extension:minPinLength: true, webauthn:extension:prf: true, webauthn:virtualAuthenticators: true}
Session ID: 3cc715c7456d2e7c09493de7b340fa01
at org.openqa.selenium.remote.ErrorCodec.decode(ErrorCodec.java:167)
at org.openqa.selenium.remote.codec.w3c.W3CHttpResponseCodec.decode(W3CHttpResponseCodec.java:138)
at org.openqa.selenium.remote.codec.w3c.W3CHttpResponseCodec.decode(W3CHttpResponseCodec.java:50)
at org.openqa.selenium.remote.HttpCommandExecutor.execute(HttpCommandExecutor.java:215)
at org.openqa.selenium.remote.service.DriverCommandExecutor.invokeExecute(DriverCommandExecutor.java:216)
at org.openqa.selenium.remote.service.DriverCommandExecutor.execute(DriverCommandExecutor.java:174)
at org.openqa.selenium.remote.RemoteWebDriver.execute(RemoteWebDriver.java:544)
at org.openqa.selenium.remote.ElementLocation$ElementFinder$2.findElement(ElementLocation.java:165)
at org.openqa.selenium.remote.ElementLocation.findElement(ElementLocation.java:59)
at org.openqa.selenium.remote.RemoteWebDriver.findElement(RemoteWebDriver.java:367)
at org.openqa.selenium.remote.RemoteWebDriver.findElement(RemoteWebDriver.java:361)
at Pages.LoginPageOpencart.clickLoginOpenCart(LoginPageOpencart.java:26)
at testCases.TC_LoginandUserManagement.verifyLogin(TC_LoginandUserManagement.java:32)
at java.base/java.util.ArrayList.forEach(ArrayList.java:1511)
at java.base/java.util.concurrent.FutureTask.run(FutureTask.java:264)
at java.base/java.util.concurrent.ThreadPoolExecutor.runWorker(ThreadPoolExecutor.java:1136)
at java.base/java.util.concurrent.ThreadPoolExecutor$Worker.run(ThreadPoolExecutor.java:635)
at java.base/java.lang.Thread.run(Thread.java:840)
... Removed 22 stack frames]]>
    </failure>
  </testcase> <!-- verifyLogin -->
</testsuite> <!-- Chrome_Test_1 -->
