<?xml version="1.0" encoding="UTF-8"?>
<!-- Generated by org.testng.reporters.JUnitXMLReporter -->
<testsuite ignored="2" hostname="LIN-5CD52725TL" failures="0" tests="2" name="OpenCart Tests" time="21.528" errors="0" timestamp="2026-08-27T13:19:18 IST">
  <testcase classname="testCases.TC_ECommerceAutomation" name="verifyLoginEcommerce" time="8.73"/>
  <testcase classname="testCases.TC_LoginandUserManagement" name="verifyLogin" time="11.355"/>
  <testcase classname="factory.BaseClass" name="@BeforeSuite setupReport" time="0.0">
    <ignored/>
  </testcase> <!-- @BeforeSuite setupReport -->
  <testcase classname="factory.BaseClass" name="@AfterSuite tearDownReport" time="0.0">
    <ignored/>
  </testcase> <!-- @AfterSuite tearDownReport -->
</testsuite> <!-- OpenCart Tests -->
