<?xml version="1.0" encoding="UTF-8"?>
<testng-results ignored="0" total="2" passed="2" failed="0" skipped="0">
  <reporter-output>
  </reporter-output>
  <suite started-at="2026-08-27T14:28:47 IST" name="CrossBrowserSuite" finished-at="2026-08-27T14:29:05 IST" duration-ms="17648">
    <groups>
    </groups>
    <test started-at="2026-08-27T14:28:47 IST" name="ChromeTest" finished-at="2026-08-27T14:29:04 IST" duration-ms="17296">
      <class name="testCases.TC_LoginandUserManagement">
        <test-method is-config="true" signature="setup(java.lang.String)[pri:0, instance:testCases.TC_LoginandUserManagement@2ab4bc72]" started-at="2026-08-27T14:28:47 IST" name="setup" finished-at="2026-08-27T14:28:53 IST" duration-ms="5618" status="PASS">
          <params>
            <param index="0">
              <value>
                <![CDATA[chrome]]>
              </value>
            </param>
          </params>
          <reporter-output>
          </reporter-output>
        </test-method> <!-- setup -->
        <test-method signature="verifyLogin()[pri:1, instance:testCases.TC_LoginandUserManagement@2ab4bc72]" started-at="2026-08-27T14:28:53 IST" name="verifyLogin" finished-at="2026-08-27T14:29:04 IST" duration-ms="11079" status="PASS">
          <reporter-output>
          </reporter-output>
        </test-method> <!-- verifyLogin -->
        <test-method is-config="true" signature="tearDown(org.testng.ITestResult)[pri:0, instance:testCases.TC_LoginandUserManagement@2ab4bc72]" started-at="2026-08-27T14:29:04 IST" name="tearDown" finished-at="2026-08-27T14:29:04 IST" duration-ms="553" status="PASS">
          <params>
            <param index="0">
              <value>
                <![CDATA[[TestResult name=verifyLogin status=SUCCESS method=TC_LoginandUserManagement.verifyLogin()[pri:1, instance:testCases.TC_LoginandUserManagement@2ab4bc72] output={null}]]]>
              </value>
            </param>
          </params>
          <reporter-output>
          </reporter-output>
        </test-method> <!-- tearDown -->
      </class> <!-- testCases.TC_LoginandUserManagement -->
    </test> <!-- ChromeTest -->
    <test started-at="2026-08-27T14:28:47 IST" name="EdgeTest" finished-at="2026-08-27T14:29:05 IST" duration-ms="17648">
      <class name="testCases.TC_ECommerceAutomation">
        <test-method is-config="true" signature="setupReport()[pri:0, instance:testCases.TC_ECommerceAutomation@6f43c82]" started-at="2026-08-27T14:28:47 IST" name="setupReport" finished-at="2026-08-27T14:28:47 IST" duration-ms="316" status="PASS">
          <reporter-output>
          </reporter-output>
        </test-method> <!-- setupReport -->
        <test-method is-config="true" signature="setup(java.lang.String)[pri:0, instance:testCases.TC_ECommerceAutomation@6f43c82]" started-at="2026-08-27T14:28:47 IST" name="setup" finished-at="2026-08-27T14:28:52 IST" duration-ms="5441" status="PASS">
          <params>
            <param index="0">
              <value>
                <![CDATA[edge]]>
              </value>
            </param>
          </params>
          <reporter-output>
          </reporter-output>
        </test-method> <!-- setup -->
        <test-method signature="verifyLoginEcommerce()[pri:1, instance:testCases.TC_ECommerceAutomation@6f43c82]" started-at="2026-08-27T14:28:52 IST" name="verifyLoginEcommerce" finished-at="2026-08-27T14:29:02 IST" duration-ms="9496" status="PASS">
          <reporter-output>
          </reporter-output>
        </test-method> <!-- verifyLoginEcommerce -->
        <test-method is-config="true" signature="tearDown(org.testng.ITestResult)[pri:0, instance:testCases.TC_ECommerceAutomation@6f43c82]" started-at="2026-08-27T14:29:02 IST" name="tearDown" finished-at="2026-08-27T14:29:05 IST" duration-ms="2662" status="PASS">
          <params>
            <param index="0">
              <value>
                <![CDATA[[TestResult name=verifyLoginEcommerce status=SUCCESS method=TC_ECommerceAutomation.verifyLoginEcommerce()[pri:1, instance:testCases.TC_ECommerceAutomation@6f43c82] output={null}]]]>
              </value>
            </param>
          </params>
          <reporter-output>
          </reporter-output>
        </test-method> <!-- tearDown -->
        <test-method is-config="true" signature="tearDownReport()[pri:0, instance:testCases.TC_ECommerceAutomation@6f43c82]" started-at="2026-08-27T14:29:05 IST" name="tearDownReport" finished-at="2026-08-27T14:29:05 IST" duration-ms="332" status="PASS">
          <reporter-output>
          </reporter-output>
        </test-method> <!-- tearDownReport -->
      </class> <!-- testCases.TC_ECommerceAutomation -->
    </test> <!-- EdgeTest -->
  </suite> <!-- CrossBrowserSuite -->
</testng-results>
