<?xml version="1.0" encoding="UTF-8"?>
<testng-results ignored="0" total="1" passed="1" failed="0" skipped="0">
  <reporter-output>
  </reporter-output>
  <suite started-at="2026-09-09T18:11:49 IST" name="Default suite" finished-at="2026-09-09T18:12:07 IST" duration-ms="17949">
    <groups>
    </groups>
    <test started-at="2026-09-09T18:11:49 IST" name="Default test" finished-at="2026-09-09T18:12:07 IST" duration-ms="17949">
      <class name="testCases.TC_ECommerceAutomation">
        <test-method is-config="true" signature="setupReport()[pri:0, instance:testCases.TC_ECommerceAutomation@710636b0]" started-at="2026-09-09T18:11:49 IST" name="setupReport" finished-at="2026-09-09T18:11:49 IST" duration-ms="397" status="PASS">
          <reporter-output>
          </reporter-output>
        </test-method> <!-- setupReport -->
        <test-method is-config="true" signature="setup(java.lang.String)[pri:0, instance:testCases.TC_ECommerceAutomation@710636b0]" started-at="2026-09-09T18:11:51 IST" name="setup" finished-at="2026-09-09T18:11:56 IST" duration-ms="5487" status="PASS">
          <params>
            <param index="0">
              <value>
                <![CDATA[chrome]]>
              </value>
            </param>
          </params>
          <reporter-output>
          </reporter-output>
        </test-method> <!-- setup -->
        <test-method signature="verifyLoginEcommerce(java.lang.String,java.lang.String)[pri:1, instance:testCases.TC_ECommerceAutomation@710636b0]" started-at="2026-09-09T18:11:56 IST" name="verifyLoginEcommerce" data-provider="LoginData" finished-at="2026-09-09T18:12:05 IST" duration-ms="8708" status="PASS">
          <params>
            <param index="0">
              <value>
                <![CDATA[dhanaji1234@gmail.com]]>
              </value>
            </param>
            <param index="1">
              <value>
                <![CDATA[Dhanaji@0303]]>
              </value>
            </param>
          </params>
          <reporter-output>
          </reporter-output>
        </test-method> <!-- verifyLoginEcommerce -->
        <test-method is-config="true" signature="tearDown(org.testng.ITestResult)[pri:0, instance:testCases.TC_ECommerceAutomation@710636b0]" started-at="2026-09-09T18:12:05 IST" name="tearDown" finished-at="2026-09-09T18:12:07 IST" duration-ms="2204" status="PASS">
          <params>
            <param index="0">
              <value>
                <![CDATA[[TestResult name=verifyLoginEcommerce status=SUCCESS method=TC_ECommerceAutomation.verifyLoginEcommerce(java.lang.String,java.lang.String)[pri:1, instance:testCases.TC_ECommerceAutomation@710636b0] output={null}]]]>
              </value>
            </param>
          </params>
          <reporter-output>
          </reporter-output>
        </test-method> <!-- tearDown -->
        <test-method is-config="true" signature="tearDownReport()[pri:0, instance:testCases.TC_ECommerceAutomation@710636b0]" started-at="2026-09-09T18:12:07 IST" name="tearDownReport" finished-at="2026-09-09T18:12:07 IST" duration-ms="418" status="PASS">
          <reporter-output>
          </reporter-output>
        </test-method> <!-- tearDownReport -->
      </class> <!-- testCases.TC_ECommerceAutomation -->
    </test> <!-- Default test -->
  </suite> <!-- Default suite -->
</testng-results>
