<?xml version="1.0" encoding="UTF-8"?>
<testng-results ignored="0" total="1" passed="1" failed="0" skipped="0">
  <reporter-output>
  </reporter-output>
  <suite started-at="2026-08-20T18:03:35 IST" name="Login Suite" finished-at="2026-08-20T18:03:59 IST" duration-ms="24017">
    <groups>
    </groups>
    <test started-at="2026-08-20T18:03:35 IST" name="Login Test" finished-at="2026-08-20T18:03:59 IST" duration-ms="24017">
      <class name="testCases.TC_LoginOpenCart">
        <test-method is-config="true" signature="setupReport()[pri:0, instance:testCases.TC_LoginOpenCart@304bb45b]" started-at="2026-08-20T18:03:34 IST" name="setupReport" finished-at="2026-08-20T18:03:35 IST" duration-ms="499" status="PASS">
          <reporter-output>
          </reporter-output>
        </test-method> <!-- setupReport -->
        <test-method is-config="true" signature="setup()[pri:0, instance:testCases.TC_LoginOpenCart@304bb45b]" started-at="2026-08-20T18:03:35 IST" name="setup" finished-at="2026-08-20T18:03:52 IST" duration-ms="17130" status="PASS">
          <reporter-output>
          </reporter-output>
        </test-method> <!-- setup -->
        <test-method signature="verifyLogin()[pri:0, instance:testCases.TC_LoginOpenCart@304bb45b]" started-at="2026-08-20T18:03:52 IST" name="verifyLogin" finished-at="2026-08-20T18:03:56 IST" duration-ms="4602" status="PASS">
          <reporter-output>
          </reporter-output>
        </test-method> <!-- verifyLogin -->
        <test-method is-config="true" signature="tearDown()[pri:0, instance:testCases.TC_LoginOpenCart@304bb45b]" started-at="2026-08-20T18:03:56 IST" name="tearDown" finished-at="2026-08-20T18:03:59 IST" duration-ms="2226" status="PASS">
          <reporter-output>
          </reporter-output>
        </test-method> <!-- tearDown -->
        <test-method is-config="true" signature="tearDownReport()[pri:0, instance:testCases.TC_LoginOpenCart@304bb45b]" started-at="2026-08-20T18:03:59 IST" name="tearDownReport" finished-at="2026-08-20T18:03:59 IST" duration-ms="491" status="PASS">
          <reporter-output>
          </reporter-output>
        </test-method> <!-- tearDownReport -->
      </class> <!-- testCases.TC_LoginOpenCart -->
    </test> <!-- Login Test -->
  </suite> <!-- Login Suite -->
</testng-results>
